running develop
running egg_info
creating ekf_slam_robot.egg-info
writing ekf_slam_robot.egg-info/PKG-INFO
writing dependency_links to ekf_slam_robot.egg-info/dependency_links.txt
writing entry points to ekf_slam_robot.egg-info/entry_points.txt
writing requirements to ekf_slam_robot.egg-info/requires.txt
writing top-level names to ekf_slam_robot.egg-info/top_level.txt
writing manifest file 'ekf_slam_robot.egg-info/SOURCES.txt'
reading manifest file 'ekf_slam_robot.egg-info/SOURCES.txt'
writing manifest file 'ekf_slam_robot.egg-info/SOURCES.txt'
running build_ext
Creating /home/kseikoff/ros2_ws/src/ekf_slam_robot/install/ekf_slam_robot/lib/python3.10/site-packages/ekf-slam-robot.egg-link (link to .)
Installing cmd_vel_publisher script to /home/kseikoff/ros2_ws/src/ekf_slam_robot/install/ekf_slam_robot/lib/ekf_slam_robot
Installing obstacle_avoider script to /home/kseikoff/ros2_ws/src/ekf_slam_robot/install/ekf_slam_robot/lib/ekf_slam_robot

Installed /home/kseikoff/ros2_ws/src/ekf_slam_robot/build/ekf_slam_robot
running symlink_data
creating /home/kseikoff/ros2_ws/src/ekf_slam_robot/install/ekf_slam_robot/share/ament_index
creating /home/kseikoff/ros2_ws/src/ekf_slam_robot/install/ekf_slam_robot/share/ament_index/resource_index
creating /home/kseikoff/ros2_ws/src/ekf_slam_robot/install/ekf_slam_robot/share/ament_index/resource_index/packages
symbolically linking /home/kseikoff/ros2_ws/src/ekf_slam_robot/build/ekf_slam_robot/resource/ekf_slam_robot -> /home/kseikoff/ros2_ws/src/ekf_slam_robot/install/ekf_slam_robot/share/ament_index/resource_index/packages
symbolically linking /home/kseikoff/ros2_ws/src/ekf_slam_robot/build/ekf_slam_robot/package.xml -> /home/kseikoff/ros2_ws/src/ekf_slam_robot/install/ekf_slam_robot/share/ekf_slam_robot
creating /home/kseikoff/ros2_ws/src/ekf_slam_robot/install/ekf_slam_robot/share/ekf_slam_robot/launch
symbolically linking /home/kseikoff/ros2_ws/src/ekf_slam_robot/build/ekf_slam_robot/launch/startup.launch.py -> /home/kseikoff/ros2_ws/src/ekf_slam_robot/install/ekf_slam_robot/share/ekf_slam_robot/launch
creating /home/kseikoff/ros2_ws/src/ekf_slam_robot/install/ekf_slam_robot/share/ekf_slam_robot/urdf
symbolically linking /home/kseikoff/ros2_ws/src/ekf_slam_robot/build/ekf_slam_robot/urdf/materials.xacro -> /home/kseikoff/ros2_ws/src/ekf_slam_robot/install/ekf_slam_robot/share/ekf_slam_robot/urdf
symbolically linking /home/kseikoff/ros2_ws/src/ekf_slam_robot/build/ekf_slam_robot/urdf/robot.xacro -> /home/kseikoff/ros2_ws/src/ekf_slam_robot/install/ekf_slam_robot/share/ekf_slam_robot/urdf
symbolically linking /home/kseikoff/ros2_ws/src/ekf_slam_robot/build/ekf_slam_robot/urdf/inertial.urdf.xacro -> /home/kseikoff/ros2_ws/src/ekf_slam_robot/install/ekf_slam_robot/share/ekf_slam_robot/urdf
symbolically linking /home/kseikoff/ros2_ws/src/ekf_slam_robot/build/ekf_slam_robot/urdf/wheel.xacro -> /home/kseikoff/ros2_ws/src/ekf_slam_robot/install/ekf_slam_robot/share/ekf_slam_robot/urdf
symbolically linking /home/kseikoff/ros2_ws/src/ekf_slam_robot/build/ekf_slam_robot/urdf/lidar.xacro -> /home/kseikoff/ros2_ws/src/ekf_slam_robot/install/ekf_slam_robot/share/ekf_slam_robot/urdf
symbolically linking /home/kseikoff/ros2_ws/src/ekf_slam_robot/build/ekf_slam_robot/urdf/robot.gazebo -> /home/kseikoff/ros2_ws/src/ekf_slam_robot/install/ekf_slam_robot/share/ekf_slam_robot/urdf
creating /home/kseikoff/ros2_ws/src/ekf_slam_robot/install/ekf_slam_robot/share/ekf_slam_robot/config
symbolically linking /home/kseikoff/ros2_ws/src/ekf_slam_robot/build/ekf_slam_robot/config/ekf.yaml -> /home/kseikoff/ros2_ws/src/ekf_slam_robot/install/ekf_slam_robot/share/ekf_slam_robot/config
creating /home/kseikoff/ros2_ws/src/ekf_slam_robot/install/ekf_slam_robot/share/ekf_slam_robot/worlds
symbolically linking /home/kseikoff/ros2_ws/src/ekf_slam_robot/build/ekf_slam_robot/worlds/empty.sdf -> /home/kseikoff/ros2_ws/src/ekf_slam_robot/install/ekf_slam_robot/share/ekf_slam_robot/worlds
symbolically linking /home/kseikoff/ros2_ws/src/ekf_slam_robot/build/ekf_slam_robot/worlds/empty.world -> /home/kseikoff/ros2_ws/src/ekf_slam_robot/install/ekf_slam_robot/share/ekf_slam_robot/worlds
