[0.143s] DEBUG:colcon:Command line arguments: ['/usr/bin/colcon', 'build', '--symlink-install']
[0.143s] DEBUG:colcon:Parsed command line arguments: Namespace(log_base=None, log_level=None, verb_name='build', build_base='build', install_base='install', merge_install=False, symlink_install=True, test_result_base=None, continue_on_error=False, executor='parallel', parallel_workers=16, event_handlers=None, ignore_user_meta=False, metas=['./colcon.meta'], base_paths=['.'], packages_ignore=None, packages_ignore_regex=None, paths=None, packages_up_to=None, packages_up_to_regex=None, packages_above=None, packages_above_and_dependencies=None, packages_above_depth=None, packages_select_by_dep=None, packages_skip_by_dep=None, packages_skip_up_to=None, packages_select_build_failed=False, packages_skip_build_finished=False, packages_select_test_failures=False, packages_skip_test_passed=False, packages_select=None, packages_skip=None, packages_select_regex=None, packages_skip_regex=None, packages_start=None, packages_end=None, allow_overriding=[], cmake_args=None, cmake_target=None, cmake_target_skip_unavailable=False, cmake_clean_cache=False, cmake_clean_first=False, cmake_force_configure=False, ament_cmake_args=None, catkin_cmake_args=None, catkin_skip_building_tests=False, mixin_files=None, mixin=None, verb_parser=<colcon_mixin.mixin.mixin_argument.MixinArgumentDecorator object at 0x7fc8d6921300>, verb_extension=<colcon_core.verb.build.BuildVerb object at 0x7fc8d6ab2200>, main=<bound method BuildVerb.main of <colcon_core.verb.build.BuildVerb object at 0x7fc8d6ab2200>>, mixin_verb=('build',))
[0.256s] Level 1:colcon.colcon_core.package_discovery:discover_packages(colcon_meta) check parameters
[0.256s] Level 1:colcon.colcon_core.package_discovery:discover_packages(recursive) check parameters
[0.256s] Level 1:colcon.colcon_core.package_discovery:discover_packages(ignore) check parameters
[0.256s] Level 1:colcon.colcon_core.package_discovery:discover_packages(path) check parameters
[0.256s] Level 1:colcon.colcon_core.package_discovery:discover_packages(colcon_meta) discover
[0.256s] Level 1:colcon.colcon_core.package_discovery:discover_packages(recursive) discover
[0.256s] INFO:colcon.colcon_core.package_discovery:Crawling recursively for packages in '/home/kseikoff/ros2_ws/src/ekf_slam_robot'
[0.256s] Level 1:colcon.colcon_core.package_identification:_identify(.) by extensions ['ignore', 'ignore_ament_install']
[0.256s] Level 1:colcon.colcon_core.package_identification:_identify(.) by extension 'ignore'
[0.256s] Level 1:colcon.colcon_core.package_identification:_identify(.) by extension 'ignore_ament_install'
[0.256s] Level 1:colcon.colcon_core.package_identification:_identify(.) by extensions ['colcon_pkg']
[0.256s] Level 1:colcon.colcon_core.package_identification:_identify(.) by extension 'colcon_pkg'
[0.256s] Level 1:colcon.colcon_core.package_identification:_identify(.) by extensions ['colcon_meta']
[0.256s] Level 1:colcon.colcon_core.package_identification:_identify(.) by extension 'colcon_meta'
[0.256s] Level 1:colcon.colcon_core.package_identification:_identify(.) by extensions ['ros']
[0.256s] Level 1:colcon.colcon_core.package_identification:_identify(.) by extension 'ros'
[0.266s] DEBUG:colcon.colcon_core.package_identification:Package '.' with type 'ros.ament_python' and name 'ekf_slam_robot'
[0.266s] Level 1:colcon.colcon_core.package_discovery:discover_packages(recursive) using defaults
[0.266s] Level 1:colcon.colcon_core.package_discovery:discover_packages(ignore) discover
[0.266s] Level 1:colcon.colcon_core.package_discovery:discover_packages(ignore) using defaults
[0.266s] Level 1:colcon.colcon_core.package_discovery:discover_packages(path) discover
[0.266s] Level 1:colcon.colcon_core.package_discovery:discover_packages(path) using defaults
[0.289s] Level 1:colcon.colcon_core.package_discovery:discover_packages(prefix_path) check parameters
[0.289s] Level 1:colcon.colcon_core.package_discovery:discover_packages(prefix_path) discover
[0.291s] DEBUG:colcon.colcon_installed_package_information.package_discovery:Found 300 installed packages in /opt/ros/humble
[0.292s] Level 1:colcon.colcon_core.package_discovery:discover_packages(prefix_path) using defaults
[0.320s] Level 5:colcon.colcon_core.verb:set package 'ekf_slam_robot' build argument 'cmake_args' from command line to 'None'
[0.320s] Level 5:colcon.colcon_core.verb:set package 'ekf_slam_robot' build argument 'cmake_target' from command line to 'None'
[0.320s] Level 5:colcon.colcon_core.verb:set package 'ekf_slam_robot' build argument 'cmake_target_skip_unavailable' from command line to 'False'
[0.320s] Level 5:colcon.colcon_core.verb:set package 'ekf_slam_robot' build argument 'cmake_clean_cache' from command line to 'False'
[0.320s] Level 5:colcon.colcon_core.verb:set package 'ekf_slam_robot' build argument 'cmake_clean_first' from command line to 'False'
[0.320s] Level 5:colcon.colcon_core.verb:set package 'ekf_slam_robot' build argument 'cmake_force_configure' from command line to 'False'
[0.320s] Level 5:colcon.colcon_core.verb:set package 'ekf_slam_robot' build argument 'ament_cmake_args' from command line to 'None'
[0.320s] Level 5:colcon.colcon_core.verb:set package 'ekf_slam_robot' build argument 'catkin_cmake_args' from command line to 'None'
[0.320s] Level 5:colcon.colcon_core.verb:set package 'ekf_slam_robot' build argument 'catkin_skip_building_tests' from command line to 'False'
[0.320s] DEBUG:colcon.colcon_core.verb:Building package 'ekf_slam_robot' with the following arguments: {'ament_cmake_args': None, 'build_base': '/home/kseikoff/ros2_ws/src/ekf_slam_robot/build/ekf_slam_robot', 'catkin_cmake_args': None, 'catkin_skip_building_tests': False, 'cmake_args': None, 'cmake_clean_cache': False, 'cmake_clean_first': False, 'cmake_force_configure': False, 'cmake_target': None, 'cmake_target_skip_unavailable': False, 'install_base': '/home/kseikoff/ros2_ws/src/ekf_slam_robot/install/ekf_slam_robot', 'merge_install': False, 'path': '/home/kseikoff/ros2_ws/src/ekf_slam_robot', 'symlink_install': True, 'test_result_base': None}
[0.320s] INFO:colcon.colcon_core.executor:Executing jobs using 'parallel' executor
[0.321s] DEBUG:colcon.colcon_parallel_executor.executor.parallel:run_until_complete
[0.321s] INFO:colcon.colcon_ros.task.ament_python.build:Building ROS package in '/home/kseikoff/ros2_ws/src/ekf_slam_robot' with build type 'ament_python'
[0.321s] Level 1:colcon.colcon_core.shell:create_environment_hook('ekf_slam_robot', 'ament_prefix_path')
[0.324s] INFO:colcon.colcon_core.plugin_system:Skipping extension 'colcon_core.shell.bat': Not used on non-Windows systems
[0.324s] INFO:colcon.colcon_core.shell:Creating environment hook '/home/kseikoff/ros2_ws/src/ekf_slam_robot/install/ekf_slam_robot/share/ekf_slam_robot/hook/ament_prefix_path.ps1'
[0.326s] INFO:colcon.colcon_core.shell:Creating environment descriptor '/home/kseikoff/ros2_ws/src/ekf_slam_robot/install/ekf_slam_robot/share/ekf_slam_robot/hook/ament_prefix_path.dsv'
[0.326s] INFO:colcon.colcon_core.shell:Creating environment hook '/home/kseikoff/ros2_ws/src/ekf_slam_robot/install/ekf_slam_robot/share/ekf_slam_robot/hook/ament_prefix_path.sh'
[0.326s] INFO:colcon.colcon_core.shell:Skip shell extension 'powershell' for command environment: Not usable outside of PowerShell
[0.327s] DEBUG:colcon.colcon_core.shell:Skip shell extension 'dsv' for command environment
[0.509s] INFO:colcon.colcon_core.task.python.build:Building Python package in '/home/kseikoff/ros2_ws/src/ekf_slam_robot'
[0.510s] INFO:colcon.colcon_core.shell:Skip shell extension 'powershell' for command environment: Not usable outside of PowerShell
[0.510s] DEBUG:colcon.colcon_core.shell:Skip shell extension 'dsv' for command environment
[0.791s] DEBUG:colcon.colcon_core.event_handler.log_command:Invoking command in '/home/kseikoff/ros2_ws/src/ekf_slam_robot/build/ekf_slam_robot': PYTHONPATH=/home/kseikoff/ros2_ws/src/ekf_slam_robot/build/ekf_slam_robot/prefix_override:/usr/lib/python3/dist-packages/colcon_core/task/python/colcon_distutils_commands:/home/kseikoff/ros2_ws/src/ekf_slam_robot/install/ekf_slam_robot/lib/python3.10/site-packages:${PYTHONPATH} /usr/bin/python3 -W ignore:setup.py install is deprecated -W ignore:easy_install command is deprecated setup.py develop --editable --build-directory /home/kseikoff/ros2_ws/src/ekf_slam_robot/build/ekf_slam_robot/build --no-deps symlink_data
[1.183s] Level 1:colcon.colcon_core.shell:create_environment_hook('ekf_slam_robot', 'pythonpath_develop')
[1.184s] INFO:colcon.colcon_core.shell:Creating environment hook '/home/kseikoff/ros2_ws/src/ekf_slam_robot/build/ekf_slam_robot/share/ekf_slam_robot/hook/pythonpath_develop.ps1'
[1.184s] DEBUG:colcon.colcon_core.event_handler.log_command:Invoked command in '/home/kseikoff/ros2_ws/src/ekf_slam_robot/build/ekf_slam_robot' returned '0': PYTHONPATH=/home/kseikoff/ros2_ws/src/ekf_slam_robot/build/ekf_slam_robot/prefix_override:/usr/lib/python3/dist-packages/colcon_core/task/python/colcon_distutils_commands:/home/kseikoff/ros2_ws/src/ekf_slam_robot/install/ekf_slam_robot/lib/python3.10/site-packages:${PYTHONPATH} /usr/bin/python3 -W ignore:setup.py install is deprecated -W ignore:easy_install command is deprecated setup.py develop --editable --build-directory /home/kseikoff/ros2_ws/src/ekf_slam_robot/build/ekf_slam_robot/build --no-deps symlink_data
[1.185s] INFO:colcon.colcon_core.shell:Creating environment descriptor '/home/kseikoff/ros2_ws/src/ekf_slam_robot/build/ekf_slam_robot/share/ekf_slam_robot/hook/pythonpath_develop.dsv'
[1.186s] INFO:colcon.colcon_core.shell:Creating environment hook '/home/kseikoff/ros2_ws/src/ekf_slam_robot/build/ekf_slam_robot/share/ekf_slam_robot/hook/pythonpath_develop.sh'
[1.188s] Level 1:colcon.colcon_core.environment:checking '/home/kseikoff/ros2_ws/src/ekf_slam_robot/install/ekf_slam_robot' for CMake module files
[1.188s] Level 1:colcon.colcon_core.environment:checking '/home/kseikoff/ros2_ws/src/ekf_slam_robot/install/ekf_slam_robot' for CMake config files
[1.189s] Level 1:colcon.colcon_core.environment:checking '/home/kseikoff/ros2_ws/src/ekf_slam_robot/install/ekf_slam_robot/lib'
[1.189s] Level 1:colcon.colcon_core.environment:checking '/home/kseikoff/ros2_ws/src/ekf_slam_robot/install/ekf_slam_robot/bin'
[1.189s] Level 1:colcon.colcon_core.environment:checking '/home/kseikoff/ros2_ws/src/ekf_slam_robot/install/ekf_slam_robot/lib/pkgconfig/ekf_slam_robot.pc'
[1.189s] Level 1:colcon.colcon_core.environment:checking '/home/kseikoff/ros2_ws/src/ekf_slam_robot/install/ekf_slam_robot/lib/python3.10/site-packages'
[1.189s] Level 1:colcon.colcon_core.shell:create_environment_hook('ekf_slam_robot', 'pythonpath')
[1.189s] INFO:colcon.colcon_core.shell:Creating environment hook '/home/kseikoff/ros2_ws/src/ekf_slam_robot/install/ekf_slam_robot/share/ekf_slam_robot/hook/pythonpath.ps1'
[1.189s] INFO:colcon.colcon_core.shell:Creating environment descriptor '/home/kseikoff/ros2_ws/src/ekf_slam_robot/install/ekf_slam_robot/share/ekf_slam_robot/hook/pythonpath.dsv'
[1.190s] INFO:colcon.colcon_core.shell:Creating environment hook '/home/kseikoff/ros2_ws/src/ekf_slam_robot/install/ekf_slam_robot/share/ekf_slam_robot/hook/pythonpath.sh'
[1.190s] Level 1:colcon.colcon_core.environment:checking '/home/kseikoff/ros2_ws/src/ekf_slam_robot/install/ekf_slam_robot/bin'
[1.190s] Level 1:colcon.colcon_core.environment:create_environment_scripts_only(ekf_slam_robot)
[1.191s] INFO:colcon.colcon_core.shell:Creating package script '/home/kseikoff/ros2_ws/src/ekf_slam_robot/install/ekf_slam_robot/share/ekf_slam_robot/package.ps1'
[1.192s] INFO:colcon.colcon_core.shell:Creating package descriptor '/home/kseikoff/ros2_ws/src/ekf_slam_robot/install/ekf_slam_robot/share/ekf_slam_robot/package.dsv'
[1.192s] INFO:colcon.colcon_core.shell:Creating package script '/home/kseikoff/ros2_ws/src/ekf_slam_robot/install/ekf_slam_robot/share/ekf_slam_robot/package.sh'
[1.193s] INFO:colcon.colcon_core.shell:Creating package script '/home/kseikoff/ros2_ws/src/ekf_slam_robot/install/ekf_slam_robot/share/ekf_slam_robot/package.bash'
[1.194s] INFO:colcon.colcon_core.shell:Creating package script '/home/kseikoff/ros2_ws/src/ekf_slam_robot/install/ekf_slam_robot/share/ekf_slam_robot/package.zsh'
[1.195s] Level 1:colcon.colcon_core.environment:create_file_with_runtime_dependencies(/home/kseikoff/ros2_ws/src/ekf_slam_robot/install/ekf_slam_robot/share/colcon-core/packages/ekf_slam_robot)
[1.196s] DEBUG:colcon.colcon_parallel_executor.executor.parallel:closing loop
[1.196s] DEBUG:colcon.colcon_parallel_executor.executor.parallel:loop closed
[1.196s] DEBUG:colcon.colcon_parallel_executor.executor.parallel:run_until_complete finished with '0'
[1.196s] DEBUG:colcon.colcon_core.event_reactor:joining thread
[1.237s] INFO:colcon.colcon_core.plugin_system:Skipping extension 'colcon_notification.desktop_notification.notify_send': Could not find 'notify-send'
[1.238s] INFO:colcon.colcon_core.plugin_system:Skipping extension 'colcon_notification.desktop_notification.terminal_notifier': Not used on non-Darwin systems
[1.238s] INFO:colcon.colcon_core.plugin_system:Skipping extension 'colcon_notification.desktop_notification.win32': Not used on non-Windows systems
[1.238s] INFO:colcon.colcon_notification.desktop_notification:Sending desktop notification using 'notify2'
[1.238s] DEBUG:colcon.colcon_notification.desktop_notification.notify2:Failed to initialize notify2: org.freedesktop.DBus.Error.FileNotFound: Failed to connect to socket /run/user/1000/bus: No such file or directory
[1.238s] DEBUG:colcon.colcon_core.event_reactor:joined thread
[1.239s] INFO:colcon.colcon_core.shell:Creating prefix script '/home/kseikoff/ros2_ws/src/ekf_slam_robot/install/local_setup.ps1'
[1.239s] INFO:colcon.colcon_core.shell:Creating prefix util module '/home/kseikoff/ros2_ws/src/ekf_slam_robot/install/_local_setup_util_ps1.py'
[1.240s] INFO:colcon.colcon_core.shell:Creating prefix chain script '/home/kseikoff/ros2_ws/src/ekf_slam_robot/install/setup.ps1'
[1.241s] INFO:colcon.colcon_core.shell:Creating prefix script '/home/kseikoff/ros2_ws/src/ekf_slam_robot/install/local_setup.sh'
[1.242s] INFO:colcon.colcon_core.shell:Creating prefix util module '/home/kseikoff/ros2_ws/src/ekf_slam_robot/install/_local_setup_util_sh.py'
[1.242s] INFO:colcon.colcon_core.shell:Creating prefix chain script '/home/kseikoff/ros2_ws/src/ekf_slam_robot/install/setup.sh'
[1.243s] INFO:colcon.colcon_core.shell:Creating prefix script '/home/kseikoff/ros2_ws/src/ekf_slam_robot/install/local_setup.bash'
[1.244s] INFO:colcon.colcon_core.shell:Creating prefix chain script '/home/kseikoff/ros2_ws/src/ekf_slam_robot/install/setup.bash'
[1.244s] INFO:colcon.colcon_core.shell:Creating prefix script '/home/kseikoff/ros2_ws/src/ekf_slam_robot/install/local_setup.zsh'
[1.245s] INFO:colcon.colcon_core.shell:Creating prefix chain script '/home/kseikoff/ros2_ws/src/ekf_slam_robot/install/setup.zsh'
